2020-02-05 02:34:51,314 INFO o.a.j.u.JMeterUtils: Setting Locale to en_EN
2020-02-05 02:34:51,346 INFO o.a.j.JMeter: Loading user properties from: user.properties
2020-02-05 02:34:51,346 INFO o.a.j.JMeter: Loading system properties from: system.properties
2020-02-05 02:34:51,346 INFO o.a.j.JMeter: Copyright (c) 1998-2019 The Apache Software Foundation
2020-02-05 02:34:51,346 INFO o.a.j.JMeter: Version 5.2.1
2020-02-05 02:34:51,346 INFO o.a.j.JMeter: java.version=1.8.0_211
2020-02-05 02:34:51,346 INFO o.a.j.JMeter: java.vm.name=Java HotSpot(TM) 64-Bit Server VM
2020-02-05 02:34:51,346 INFO o.a.j.JMeter: os.name=Windows Server 2012 R2
2020-02-05 02:34:51,346 INFO o.a.j.JMeter: os.arch=amd64
2020-02-05 02:34:51,346 INFO o.a.j.JMeter: os.version=6.3
2020-02-05 02:34:51,346 INFO o.a.j.JMeter: file.encoding=Cp1252
2020-02-05 02:34:51,346 INFO o.a.j.JMeter: java.awt.headless=null
2020-02-05 02:34:51,346 INFO o.a.j.JMeter: Max memory     =1073741824
2020-02-05 02:34:51,346 INFO o.a.j.JMeter: Available Processors =4
2020-02-05 02:34:51,361 INFO o.a.j.JMeter: Default Locale=English (EN)
2020-02-05 02:34:51,361 INFO o.a.j.JMeter: JMeter  Locale=English (EN)
2020-02-05 02:34:51,361 INFO o.a.j.JMeter: JMeterHome=D:\reg_sample\soft\apache-jmeter-5.2.1
2020-02-05 02:34:51,361 INFO o.a.j.JMeter: user.dir  =D:\reg_sample\soft\apache-jmeter-5.2.1\bin
2020-02-05 02:34:51,361 INFO o.a.j.JMeter: PWD       =D:\reg_sample\soft\apache-jmeter-5.2.1\bin
2020-02-05 02:34:51,361 INFO o.a.j.JMeter: IP: 10.220.254.216 Name: WIN-MSIQHJIC7S9 FullName: 10.220.254.216
2020-02-05 02:34:51,799 INFO o.a.j.g.a.LookAndFeelCommand: Installing Darcula LAF
2020-02-05 02:34:51,846 INFO o.a.j.g.a.LookAndFeelCommand: Using look and feel: javax.swing.plaf.metal.MetalLookAndFeel [Darcula]
2020-02-05 02:34:51,846 INFO o.a.j.JMeter: Setting LAF to: javax.swing.plaf.metal.MetalLookAndFeel
2020-02-05 02:34:51,846 INFO o.a.j.JMeter: Loaded icon properties from org/apache/jmeter/images/icon.properties
2020-02-05 02:34:54,142 INFO o.a.j.p.h.s.HTTPSamplerBase: Parser for text/html is org.apache.jmeter.protocol.http.parser.LagartoBasedHtmlParser
2020-02-05 02:34:54,142 INFO o.a.j.p.h.s.HTTPSamplerBase: Parser for application/xhtml+xml is org.apache.jmeter.protocol.http.parser.LagartoBasedHtmlParser
2020-02-05 02:34:54,142 INFO o.a.j.p.h.s.HTTPSamplerBase: Parser for application/xml is org.apache.jmeter.protocol.http.parser.LagartoBasedHtmlParser
2020-02-05 02:34:54,142 INFO o.a.j.p.h.s.HTTPSamplerBase: Parser for text/xml is org.apache.jmeter.protocol.http.parser.LagartoBasedHtmlParser
2020-02-05 02:34:54,142 INFO o.a.j.p.h.s.HTTPSamplerBase: Parser for text/vnd.wap.wml is org.apache.jmeter.protocol.http.parser.RegexpHTMLParser
2020-02-05 02:34:54,158 INFO o.a.j.p.h.s.HTTPSamplerBase: Parser for text/css is org.apache.jmeter.protocol.http.parser.CssParser
2020-02-05 02:34:54,330 INFO o.a.j.e.KeyToolUtils: Exception checking for keytool existence, will return false, try another way.
2020-02-05 02:34:54,486 INFO o.a.j.e.KeyToolUtils: keytool found at 'C:\Program Files\Java\jre1.8.0_211\bin\keytool'
2020-02-05 02:34:54,486 INFO o.a.j.p.h.p.ProxyControl: HTTP(S) Test Script Recorder SSL Proxy will use keys that support embedded 3rd party resources in file D:\reg_sample\soft\apache-jmeter-5.2.1\bin\proxyserver.jks
2020-02-05 02:34:54,627 INFO o.a.j.s.FileServer: Default base='D:\reg_sample\soft\apache-jmeter-5.2.1\bin'
2020-02-05 02:34:55,174 INFO o.a.j.s.SampleResult: Note: Sample TimeStamps are START times
2020-02-05 02:34:55,174 INFO o.a.j.s.SampleResult: sampleresult.default.encoding is set to ISO-8859-1
2020-02-05 02:34:55,174 INFO o.a.j.s.SampleResult: sampleresult.useNanoTime=true
2020-02-05 02:34:55,174 INFO o.a.j.s.SampleResult: sampleresult.nanoThreadSleep=5000
2020-02-05 02:35:05,908 INFO o.a.j.g.a.Load: Loading file: D:\reg_sample\scripts\R03_Add_Drop\R03_corr.jmx
2020-02-05 02:35:05,908 INFO o.a.j.s.FileServer: Set new base='D:\reg_sample\scripts\R03_Add_Drop'
2020-02-05 02:35:06,126 INFO o.a.j.s.SaveService: Testplan (JMX) version: 2.2. Testlog (JTL) version: 2.2
2020-02-05 02:35:06,142 INFO o.a.j.s.SaveService: Using SaveService properties file encoding UTF-8
2020-02-05 02:35:06,142 INFO o.a.j.s.SaveService: Using SaveService properties version 5.0
2020-02-05 02:35:06,142 INFO o.a.j.s.SaveService: Loading file: D:\reg_sample\scripts\R03_Add_Drop\R03_corr.jmx
2020-02-05 02:35:06,173 INFO o.a.j.p.h.c.CookieManager: Settings: Delete null: true Check: true Allow variable: true Save: false Prefix: COOKIE_
2020-02-05 02:35:06,173 INFO o.a.j.p.h.c.CacheManager: Will only cache the following methods: [GET]
2020-02-05 02:35:06,782 INFO o.a.j.s.FileServer: Set new base='D:\reg_sample\scripts\R03_Add_Drop'
