2020-02-04 14:50:01,210 INFO o.a.j.u.JMeterUtils: Setting Locale to en_EN
2020-02-04 14:50:01,226 INFO o.a.j.JMeter: Loading user properties from: user.properties
2020-02-04 14:50:01,226 INFO o.a.j.JMeter: Loading system properties from: system.properties
2020-02-04 14:50:01,226 INFO o.a.j.JMeter: Setting JMeter property: user=1
2020-02-04 14:50:01,226 INFO o.a.j.JMeter: Setting JMeter property: ramp_up=1
2020-02-04 14:50:01,226 INFO o.a.j.JMeter: Copyright (c) 1998-2019 The Apache Software Foundation
2020-02-04 14:50:01,226 INFO o.a.j.JMeter: Version 5.2.1
2020-02-04 14:50:01,226 INFO o.a.j.JMeter: java.version=1.8.0_211
2020-02-04 14:50:01,226 INFO o.a.j.JMeter: java.vm.name=Java HotSpot(TM) 64-Bit Server VM
2020-02-04 14:50:01,226 INFO o.a.j.JMeter: os.name=Windows Server 2012 R2
2020-02-04 14:50:01,226 INFO o.a.j.JMeter: os.arch=amd64
2020-02-04 14:50:01,226 INFO o.a.j.JMeter: os.version=6.3
2020-02-04 14:50:01,226 INFO o.a.j.JMeter: file.encoding=Cp1252
2020-02-04 14:50:01,226 INFO o.a.j.JMeter: java.awt.headless=true
2020-02-04 14:50:01,226 INFO o.a.j.JMeter: Max memory     =1073741824
2020-02-04 14:50:01,226 INFO o.a.j.JMeter: Available Processors =4
2020-02-04 14:50:01,226 INFO o.a.j.JMeter: Default Locale=English (EN)
2020-02-04 14:50:01,226 INFO o.a.j.JMeter: JMeter  Locale=English (EN)
2020-02-04 14:50:01,226 INFO o.a.j.JMeter: JMeterHome=D:\reg_sample\soft\apache-jmeter-5.2.1
2020-02-04 14:50:01,226 INFO o.a.j.JMeter: user.dir  =D:\reg_sample\soft\apache-jmeter-5.2.1\bin
2020-02-04 14:50:01,226 INFO o.a.j.JMeter: PWD       =D:\reg_sample\soft\apache-jmeter-5.2.1\bin
2020-02-04 14:50:01,226 INFO o.a.j.JMeter: IP: 10.220.254.216 Name: WIN-MSIQHJIC7S9 FullName: 10.220.254.216
2020-02-04 14:50:01,241 INFO o.a.j.JMeter: Setting property 'jmeter.reportgenerator.outputdir' to:'D:\reg_sample\Reports\R03_Add_Drop'
2020-02-04 14:50:01,241 INFO o.a.j.s.FileServer: Default base='D:\reg_sample\soft\apache-jmeter-5.2.1\bin'
2020-02-04 14:50:01,241 INFO o.a.j.s.FileServer: Set new base='D:\reg_sample\scripts\R03_Add_Drop'
2020-02-04 14:50:01,366 INFO o.a.j.s.SaveService: Testplan (JMX) version: 2.2. Testlog (JTL) version: 2.2
2020-02-04 14:50:01,366 INFO o.a.j.s.SaveService: Using SaveService properties file encoding UTF-8
2020-02-04 14:50:01,382 INFO o.a.j.s.SaveService: Using SaveService properties version 5.0
2020-02-04 14:50:01,382 INFO o.a.j.s.SaveService: Loading file: D:\reg_sample\scripts\R03_Add_Drop\R03_corr.jmx
2020-02-04 14:50:01,413 INFO o.a.j.p.h.c.CookieManager: Settings: Delete null: true Check: true Allow variable: true Save: false Prefix: COOKIE_
2020-02-04 14:50:01,413 INFO o.a.j.p.h.c.CacheManager: Will only cache the following methods: [GET]
2020-02-04 14:50:01,429 INFO o.a.j.p.h.s.HTTPSamplerBase: Parser for text/html is org.apache.jmeter.protocol.http.parser.LagartoBasedHtmlParser
2020-02-04 14:50:01,429 INFO o.a.j.p.h.s.HTTPSamplerBase: Parser for application/xhtml+xml is org.apache.jmeter.protocol.http.parser.LagartoBasedHtmlParser
2020-02-04 14:50:01,429 INFO o.a.j.p.h.s.HTTPSamplerBase: Parser for application/xml is org.apache.jmeter.protocol.http.parser.LagartoBasedHtmlParser
2020-02-04 14:50:01,429 INFO o.a.j.p.h.s.HTTPSamplerBase: Parser for text/xml is org.apache.jmeter.protocol.http.parser.LagartoBasedHtmlParser
2020-02-04 14:50:01,429 INFO o.a.j.p.h.s.HTTPSamplerBase: Parser for text/vnd.wap.wml is org.apache.jmeter.protocol.http.parser.RegexpHTMLParser
2020-02-04 14:50:01,429 INFO o.a.j.p.h.s.HTTPSamplerBase: Parser for text/css is org.apache.jmeter.protocol.http.parser.CssParser
2020-02-04 14:50:01,554 INFO o.a.j.e.KeyToolUtils: Exception checking for keytool existence, will return false, try another way.
2020-02-04 14:50:01,663 INFO o.a.j.e.KeyToolUtils: keytool found at 'C:\Program Files\Java\jre1.8.0_211\bin\keytool'
2020-02-04 14:50:01,663 INFO o.a.j.p.h.p.ProxyControl: HTTP(S) Test Script Recorder SSL Proxy will use keys that support embedded 3rd party resources in file D:\reg_sample\soft\apache-jmeter-5.2.1\bin\proxyserver.jks
2020-02-04 14:50:01,695 INFO o.a.j.JMeter: Creating summariser <summary>
2020-02-04 14:50:01,695 INFO o.a.j.r.d.ReportGenerator: ReportGenerator will use for Parsing the separator: ','
2020-02-04 14:50:01,695 INFO o.a.j.r.d.ReportGenerator: Will generate report at end of test from  results file: D:\reg_sample\Results\R03_Add_Drop\R03_Add_Drop.jtl
2020-02-04 14:50:01,695 INFO o.a.j.r.d.ReportGenerator: Reading report generator properties from: D:\reg_sample\soft\apache-jmeter-5.2.1\bin\reportgenerator.properties
2020-02-04 14:50:01,695 INFO o.a.j.r.d.ReportGenerator: Merging with JMeter properties
2020-02-04 14:50:01,710 INFO o.a.j.r.c.ReportGeneratorConfiguration: Property 'jmeter.reportgenerator.temp_dir' not found, using default value 'temp' instead.
2020-02-04 14:50:01,710 INFO o.a.j.r.c.ReportGeneratorConfiguration: Property 'jmeter.reportgenerator.apdex_per_transaction' not found, using default value 'null' instead.
2020-02-04 14:50:01,710 INFO o.a.j.r.c.ReportGeneratorConfiguration: apdex_per_transaction is empty, not APDEX per transaction customization
2020-02-04 14:50:01,710 INFO o.a.j.r.c.ReportGeneratorConfiguration: Property 'jmeter.reportgenerator.sample_filter' not found, using default value 'null' instead.
2020-02-04 14:50:01,710 INFO o.a.j.r.c.ReportGeneratorConfiguration: Property 'jmeter.reportgenerator.report_title' not found, using default value 'null' instead.
2020-02-04 14:50:01,710 INFO o.a.j.r.c.ReportGeneratorConfiguration: Property 'jmeter.reportgenerator.start_date' not found, using default value 'null' instead.
2020-02-04 14:50:01,710 INFO o.a.j.r.c.ReportGeneratorConfiguration: Property 'jmeter.reportgenerator.end_date' not found, using default value 'null' instead.
2020-02-04 14:50:01,710 INFO o.a.j.r.c.ReportGeneratorConfiguration: Property 'jmeter.reportgenerator.date_format' not found, using default value 'null' instead.
2020-02-04 14:50:01,710 INFO o.a.j.r.c.ReportGeneratorConfiguration: Will use date range start date: null, end date: null
2020-02-04 14:50:01,726 INFO o.a.j.r.c.ReportGeneratorConfiguration: Property 'jmeter.reportgenerator.graph.totalTPS.exclude_controllers' not found, using default value 'false' instead.
2020-02-04 14:50:01,726 INFO o.a.j.r.c.ReportGeneratorConfiguration: Property 'jmeter.reportgenerator.graph.activeThreadsOverTime.exclude_controllers' not found, using default value 'false' instead.
2020-02-04 14:50:01,726 INFO o.a.j.r.c.ReportGeneratorConfiguration: Property 'jmeter.reportgenerator.graph.timeVsThreads.exclude_controllers' not found, using default value 'false' instead.
2020-02-04 14:50:01,726 INFO o.a.j.r.c.ReportGeneratorConfiguration: Property 'jmeter.reportgenerator.graph.responseTimeDistribution.exclude_controllers' not found, using default value 'false' instead.
2020-02-04 14:50:01,726 INFO o.a.j.r.c.ReportGeneratorConfiguration: Property 'jmeter.reportgenerator.graph.transactionsPerSecond.exclude_controllers' not found, using default value 'false' instead.
2020-02-04 14:50:01,726 INFO o.a.j.r.c.ReportGeneratorConfiguration: Property 'jmeter.reportgenerator.graph.responseTimePercentiles.exclude_controllers' not found, using default value 'false' instead.
2020-02-04 14:50:01,726 INFO o.a.j.r.c.ReportGeneratorConfiguration: Property 'jmeter.reportgenerator.graph.responseTimePercentilesOverTime.exclude_controllers' not found, using default value 'false' instead.
2020-02-04 14:50:01,726 INFO o.a.j.r.c.ReportGeneratorConfiguration: Property 'jmeter.reportgenerator.graph.responseTimesOverTime.exclude_controllers' not found, using default value 'false' instead.
2020-02-04 14:50:01,726 INFO o.a.j.r.c.ReportGeneratorConfiguration: Property 'jmeter.reportgenerator.graph.connectTimeOverTime.exclude_controllers' not found, using default value 'false' instead.
2020-02-04 14:50:01,726 INFO o.a.j.r.c.ReportGeneratorConfiguration: Property 'jmeter.reportgenerator.graph.latenciesOverTime.exclude_controllers' not found, using default value 'false' instead.
2020-02-04 14:50:01,726 INFO o.a.j.r.c.ReportGeneratorConfiguration: Property 'jmeter.reportgenerator.exporter.json.filters_only_sample_series' not found, using default value 'true' instead.
2020-02-04 14:50:01,726 INFO o.a.j.r.c.ReportGeneratorConfiguration: Property 'jmeter.reportgenerator.exporter.json.series_filter' not found, using default value '' instead.
2020-02-04 14:50:01,726 INFO o.a.j.r.c.ReportGeneratorConfiguration: Property 'jmeter.reportgenerator.exporter.json.show_controllers_only' not found, using default value 'false' instead.
2020-02-04 14:50:01,726 INFO o.a.j.r.c.ReportGeneratorConfiguration: Property 'jmeter.reportgenerator.exporter.html.filters_only_sample_series' not found, using default value 'true' instead.
2020-02-04 14:50:01,726 INFO o.a.j.r.c.ReportGeneratorConfiguration: Property 'jmeter.reportgenerator.exporter.html.series_filter' not found, using default value '' instead.
2020-02-04 14:50:01,726 INFO o.a.j.r.c.ReportGeneratorConfiguration: Property 'jmeter.reportgenerator.exporter.html.show_controllers_only' not found, using default value 'false' instead.
2020-02-04 14:50:01,726 INFO o.a.j.e.StandardJMeterEngine: Running the test!
2020-02-04 14:50:01,726 INFO o.a.j.s.SampleEvent: List of sample_variables: []
2020-02-04 14:50:01,726 INFO o.a.j.s.SampleEvent: List of sample_variables: []
2020-02-04 14:50:01,741 INFO o.a.j.e.u.CompoundVariable: Note: Function class names must contain the string: '.functions.'
2020-02-04 14:50:01,741 INFO o.a.j.e.u.CompoundVariable: Note: Function class names must not contain the string: '.gui.'
2020-02-04 14:50:02,148 INFO o.a.j.JMeter: Running test (1580827802148)
2020-02-04 14:50:02,179 INFO o.a.j.e.StandardJMeterEngine: Starting ThreadGroup: 1 : Thread Group
2020-02-04 14:50:02,179 INFO o.a.j.e.StandardJMeterEngine: Starting 1 threads for group Thread Group.
2020-02-04 14:50:02,179 INFO o.a.j.e.StandardJMeterEngine: Thread will continue on error
2020-02-04 14:50:02,179 INFO o.a.j.t.ThreadGroup: Starting thread group... number=1 threads=1 ramp-up=1 delayedStart=false
2020-02-04 14:50:02,194 INFO o.a.j.t.ThreadGroup: Started thread group number 1
2020-02-04 14:50:02,194 INFO o.a.j.e.StandardJMeterEngine: All thread groups have been started
2020-02-04 14:50:02,194 INFO o.a.j.s.SampleResult: Note: Sample TimeStamps are START times
2020-02-04 14:50:02,194 INFO o.a.j.s.SampleResult: sampleresult.default.encoding is set to ISO-8859-1
2020-02-04 14:50:02,194 INFO o.a.j.s.SampleResult: sampleresult.useNanoTime=true
2020-02-04 14:50:02,194 INFO o.a.j.s.SampleResult: sampleresult.nanoThreadSleep=5000
2020-02-04 14:50:02,194 INFO o.a.j.t.JMeterThread: Thread started: Thread Group 1-1
2020-02-04 14:50:02,226 INFO o.a.j.p.h.s.HTTPHCAbstractImpl: Local host = WIN-MSIQHJIC7S9
2020-02-04 14:50:02,226 INFO o.a.j.p.h.s.HTTPHC4Impl: HTTP request retry count = 0
2020-02-04 14:50:02,304 INFO o.a.j.p.h.s.h.LazyLayeredConnectionSocketFactory: Setting up HTTPS TrustAll Socket Factory
2020-02-04 14:50:02,304 INFO o.a.j.u.JsseSSLManager: Using default SSL protocol: TLS
2020-02-04 14:50:02,304 INFO o.a.j.u.JsseSSLManager: SSL session context: per-thread
2020-02-04 14:50:02,476 INFO o.a.j.u.SSLManager: JmeterKeyStore Location:  type JKS
2020-02-04 14:50:02,491 INFO o.a.j.u.SSLManager: KeyStore created OK
2020-02-04 14:50:02,491 WARN o.a.j.u.SSLManager: Keystore file not found, loading empty keystore
2020-02-04 14:50:02,632 INFO o.a.j.r.Summariser: summary +      1 in 00:00:00 =    2.1/s Avg:   342 Min:   342 Max:   342 Err:     0 (0.00%) Active: 1 Started: 1 Finished: 0
2020-02-04 14:50:03,835 INFO o.a.j.t.JMeterThread: Thread is done: Thread Group 1-1
2020-02-04 14:50:03,835 INFO o.a.j.t.JMeterThread: Thread finished: Thread Group 1-1
2020-02-04 14:50:03,835 INFO o.a.j.e.StandardJMeterEngine: Notifying test listeners of end of test
2020-02-04 14:50:03,835 INFO o.a.j.r.Summariser: summary +     31 in 00:00:01 =   25.4/s Avg:    37 Min:     2 Max:   253 Err:     1 (3.23%) Active: 0 Started: 1 Finished: 1
2020-02-04 14:50:03,835 INFO o.a.j.r.Summariser: summary =     32 in 00:00:02 =   19.0/s Avg:    47 Min:     2 Max:   342 Err:     1 (3.12%)
2020-02-04 14:50:03,835 INFO o.a.j.JMeter: Generating Dashboard
2020-02-04 14:50:03,835 INFO o.a.j.r.d.ReportGenerator: Flushing result collector before report Generation
2020-02-04 14:50:03,851 INFO o.a.j.r.p.NormalizerSampleConsumer: Using format, 'ms', to parse timeStamp field
2020-02-04 14:50:03,929 INFO o.a.j.r.p.AbstractSampleConsumer: class org.apache.jmeter.report.processor.AggregateConsumer#stopProducing(): beginDate produced 0 samples
2020-02-04 14:50:03,929 INFO o.a.j.r.p.AbstractSampleConsumer: class org.apache.jmeter.report.processor.AggregateConsumer#stopProducing(): endDate produced 0 samples
2020-02-04 14:50:03,929 INFO o.a.j.r.p.AbstractSampleConsumer: class org.apache.jmeter.report.processor.ApdexSummaryConsumer#stopProducing(): apdexSummary produced 0 samples
2020-02-04 14:50:03,929 INFO o.a.j.r.p.AbstractSampleConsumer: class org.apache.jmeter.report.processor.RequestsSummaryConsumer#stopProducing(): requestsSummary produced 0 samples
2020-02-04 14:50:03,944 INFO o.a.j.r.p.AbstractSampleConsumer: class org.apache.jmeter.report.processor.StatisticsSummaryConsumer#stopProducing(): statisticsSummary produced 0 samples
2020-02-04 14:50:03,944 INFO o.a.j.r.p.AbstractSampleConsumer: class org.apache.jmeter.report.processor.Top5ErrorsBySamplerConsumer#stopProducing(): top5ErrorsBySampler produced 0 samples
2020-02-04 14:50:03,944 INFO o.a.j.r.p.AbstractSampleConsumer: class org.apache.jmeter.report.processor.ErrorsSummaryConsumer#stopProducing(): errorsSummary produced 0 samples
2020-02-04 14:50:03,944 INFO o.a.j.r.p.AbstractSampleConsumer: class org.apache.jmeter.report.processor.graph.impl.HitsPerSecondGraphConsumer#stopProducing(): hitsPerSecond produced 0 samples
2020-02-04 14:50:03,944 INFO o.a.j.r.p.AbstractSampleConsumer: class org.apache.jmeter.report.processor.graph.impl.LatencyVSRequestGraphConsumer#stopProducing(): latencyVsRequest produced 0 samples
2020-02-04 14:50:03,944 INFO o.a.j.r.p.AbstractSampleConsumer: class org.apache.jmeter.report.processor.graph.impl.SyntheticResponseTimeDistributionGraphConsumer#stopProducing(): syntheticResponseTimeDistribution produced 0 samples
2020-02-04 14:50:03,944 INFO o.a.j.r.p.AbstractSampleConsumer: class org.apache.jmeter.report.processor.graph.impl.BytesThroughputGraphConsumer#stopProducing(): bytesThroughputOverTime produced 0 samples
2020-02-04 14:50:03,944 INFO o.a.j.r.p.AbstractSampleConsumer: class org.apache.jmeter.report.processor.graph.impl.CodesPerSecondGraphConsumer#stopProducing(): codesPerSecond produced 0 samples
2020-02-04 14:50:03,960 INFO o.a.j.r.p.AbstractSampleConsumer: class org.apache.jmeter.report.processor.graph.impl.ResponseTimeVSRequestGraphConsumer#stopProducing(): responseTimeVsRequest produced 0 samples
2020-02-04 14:50:03,960 INFO o.a.j.r.p.AbstractSampleConsumer: class org.apache.jmeter.report.processor.FilterConsumer#stopProducing(): startIntervalControlerFilter produced 287 samples
2020-02-04 14:50:03,960 INFO o.a.j.r.p.AbstractSampleConsumer: class org.apache.jmeter.report.processor.graph.impl.TotalTPSGraphConsumer#stopProducing(): totalTPS produced 0 samples
2020-02-04 14:50:03,960 INFO o.a.j.r.p.AbstractSampleConsumer: class org.apache.jmeter.report.processor.graph.impl.ActiveThreadsGraphConsumer#stopProducing(): activeThreadsOverTime produced 0 samples
2020-02-04 14:50:03,960 INFO o.a.j.r.p.AbstractSampleConsumer: class org.apache.jmeter.report.processor.graph.impl.TimeVSThreadGraphConsumer#stopProducing(): timeVsThreads produced 0 samples
2020-02-04 14:50:03,960 INFO o.a.j.r.p.AbstractSampleConsumer: class org.apache.jmeter.report.processor.graph.impl.ResponseTimeDistributionGraphConsumer#stopProducing(): responseTimeDistribution produced 0 samples
2020-02-04 14:50:03,960 INFO o.a.j.r.p.AbstractSampleConsumer: class org.apache.jmeter.report.processor.graph.impl.TransactionsPerSecondGraphConsumer#stopProducing(): transactionsPerSecond produced 0 samples
2020-02-04 14:50:03,960 INFO o.a.j.r.p.AbstractSampleConsumer: class org.apache.jmeter.report.processor.graph.impl.ResponseTimePercentilesGraphConsumer#stopProducing(): responseTimePercentiles produced 0 samples
2020-02-04 14:50:03,976 INFO o.a.j.r.p.AbstractSampleConsumer: class org.apache.jmeter.report.processor.graph.impl.ResponseTimePercentilesOverTimeGraphConsumer#stopProducing(): responseTimePercentilesOverTime produced 0 samples
2020-02-04 14:50:03,976 INFO o.a.j.r.p.AbstractSampleConsumer: class org.apache.jmeter.report.processor.graph.impl.ResponseTimeOverTimeGraphConsumer#stopProducing(): responseTimesOverTime produced 0 samples
2020-02-04 14:50:03,976 INFO o.a.j.r.p.AbstractSampleConsumer: class org.apache.jmeter.report.processor.graph.impl.ConnectTimeOverTimeGraphConsumer#stopProducing(): connectTimeOverTime produced 0 samples
2020-02-04 14:50:03,976 INFO o.a.j.r.p.AbstractSampleConsumer: class org.apache.jmeter.report.processor.graph.impl.LatencyOverTimeGraphConsumer#stopProducing(): latenciesOverTime produced 0 samples
2020-02-04 14:50:03,976 INFO o.a.j.r.p.AbstractSampleConsumer: class org.apache.jmeter.report.processor.FilterConsumer#stopProducing(): nameFilter produced 810 samples
2020-02-04 14:50:03,976 INFO o.a.j.r.p.AbstractSampleConsumer: class org.apache.jmeter.report.processor.FilterConsumer#stopProducing(): dateRangeFilter produced 162 samples
2020-02-04 14:50:03,976 INFO o.a.j.r.p.AbstractSampleConsumer: class org.apache.jmeter.report.processor.NormalizerSampleConsumer#stopProducing(): normalizer produced 54 samples
2020-02-04 14:50:03,976 INFO o.a.j.r.p.CsvFileSampleSource: produce(): 54 samples produced in 94ms on channel 0
2020-02-04 14:50:03,976 INFO o.a.j.r.d.ReportGenerator: Exporting data using exporter:'json' of className:'org.apache.jmeter.report.dashboard.JsonExporter'
2020-02-04 14:50:03,976 INFO o.a.j.r.d.JsonExporter: Found data for consumer statisticsSummary in context
2020-02-04 14:50:03,976 INFO o.a.j.r.d.JsonExporter: Creating statistics for overall
2020-02-04 14:50:03,976 INFO o.a.j.r.d.JsonExporter: Creating statistics for other transactions
2020-02-04 14:50:03,976 INFO o.a.j.r.d.JsonExporter: Checking output folder
2020-02-04 14:50:03,976 INFO o.a.j.r.d.JsonExporter: Writing statistics JSON to D:\reg_sample\Reports\R03_Add_Drop\statistics.json
2020-02-04 14:50:04,179 INFO o.a.j.r.d.ReportGenerator: Exporting data using exporter:'html' of className:'org.apache.jmeter.report.dashboard.HtmlTemplateExporter'
2020-02-04 14:50:04,179 INFO o.a.j.r.d.HtmlTemplateExporter: Will generate dashboard in folder: D:\reg_sample\Reports\R03_Add_Drop
2020-02-04 14:50:04,398 INFO o.a.j.r.d.HtmlTemplateExporter: Report will be generated in: D:\reg_sample\Reports\R03_Add_Drop, creating folder structure
2020-02-04 14:50:04,398 INFO o.a.j.r.d.TemplateVisitor: Copying folder from 'D:\reg_sample\soft\apache-jmeter-5.2.1\bin\report-template' to 'D:\reg_sample\Reports\R03_Add_Drop', got message: D:\reg_sample\Reports\R03_Add_Drop, found non empty folder with following content [D:\reg_sample\Reports\R03_Add_Drop\statistics.json], will be ignored
2020-02-04 14:50:04,663 INFO o.a.j.JMeter: Dashboard generated
